E:\porto\UserAppointmentManagementSystem\Controllers\AppointmentsController.cs
E:\porto\UserAppointmentManagementSystem\Controllers\ParticipantsController.cs
E:\porto\UserAppointmentManagementSystem\Controllers\RefreshTokensController.cs
E:\porto\UserAppointmentManagementSystem\Controllers\UsersController.cs
E:\porto\UserAppointmentManagementSystem\Controllers\apicontroller.cs
E:\porto\UserAppointmentManagementSystem\Controllers\ewcontroller.cs
E:\porto\UserAppointmentManagementSystem\Models\Appointments.cs
E:\porto\UserAppointmentManagementSystem\Models\AppointmentsAdd.cs
E:\porto\UserAppointmentManagementSystem\Models\AppointmentsDelete.cs
E:\porto\UserAppointmentManagementSystem\Models\AppointmentsEdit.cs
E:\porto\UserAppointmentManagementSystem\Models\AppointmentsList.cs
E:\porto\UserAppointmentManagementSystem\Models\AppointmentsView.cs
E:\porto\UserAppointmentManagementSystem\Models\Config.cs
E:\porto\UserAppointmentManagementSystem\Models\Error.cs
E:\porto\UserAppointmentManagementSystem\Models\GlobalUsings.cs
E:\porto\UserAppointmentManagementSystem\Models\Participants.cs
E:\porto\UserAppointmentManagementSystem\Models\ParticipantsAdd.cs
E:\porto\UserAppointmentManagementSystem\Models\ParticipantsDelete.cs
E:\porto\UserAppointmentManagementSystem\Models\ParticipantsEdit.cs
E:\porto\UserAppointmentManagementSystem\Models\ParticipantsList.cs
E:\porto\UserAppointmentManagementSystem\Models\ParticipantsView.cs
E:\porto\UserAppointmentManagementSystem\Models\RefreshTokens.cs
E:\porto\UserAppointmentManagementSystem\Models\RefreshTokensAdd.cs
E:\porto\UserAppointmentManagementSystem\Models\RefreshTokensDelete.cs
E:\porto\UserAppointmentManagementSystem\Models\RefreshTokensEdit.cs
E:\porto\UserAppointmentManagementSystem\Models\RefreshTokensList.cs
E:\porto\UserAppointmentManagementSystem\Models\RefreshTokensView.cs
E:\porto\UserAppointmentManagementSystem\Models\Users.cs
E:\porto\UserAppointmentManagementSystem\Models\UsersAdd.cs
E:\porto\UserAppointmentManagementSystem\Models\UsersDelete.cs
E:\porto\UserAppointmentManagementSystem\Models\UsersEdit.cs
E:\porto\UserAppointmentManagementSystem\Models\UsersList.cs
E:\porto\UserAppointmentManagementSystem\Models\UsersView.cs
E:\porto\UserAppointmentManagementSystem\Models\aspnetfn.cs
E:\porto\UserAppointmentManagementSystem\Models\index.cs
E:\porto\UserAppointmentManagementSystem\Models\src\AbstractExport.cs
E:\porto\UserAppointmentManagementSystem\Models\src\AbstractExportBase.cs
E:\porto\UserAppointmentManagementSystem\Models\src\AbstractTwoFactorAuthentication.cs
E:\porto\UserAppointmentManagementSystem\Models\src\AdvancedFilter.cs
E:\porto\UserAppointmentManagementSystem\Models\src\AdvancedSearch.cs
E:\porto\UserAppointmentManagementSystem\Models\src\AdvancedSecurity.cs
E:\porto\UserAppointmentManagementSystem\Models\src\AdvancedSecurityBase.cs
E:\porto\UserAppointmentManagementSystem\Models\src\Aes.cs
E:\porto\UserAppointmentManagementSystem\Models\src\ApplicationRole.cs
E:\porto\UserAppointmentManagementSystem\Models\src\ApplicationUser.cs
E:\porto\UserAppointmentManagementSystem\Models\src\AspNetMakerPage.cs
E:\porto\UserAppointmentManagementSystem\Models\src\Attributes.cs
E:\porto\UserAppointmentManagementSystem\Models\src\AuthenticationProvider.cs
E:\porto\UserAppointmentManagementSystem\Models\src\AutofacModule.cs
E:\porto\UserAppointmentManagementSystem\Models\src\AzureEmail.cs
E:\porto\UserAppointmentManagementSystem\Models\src\BasicSearch.cs
E:\porto\UserAppointmentManagementSystem\Models\src\BitBool.cs
E:\porto\UserAppointmentManagementSystem\Models\src\Breadcrumb.cs
E:\porto\UserAppointmentManagementSystem\Models\src\BreadcrumbLink.cs
E:\porto\UserAppointmentManagementSystem\Models\src\CaptchaBase.cs
E:\porto\UserAppointmentManagementSystem\Models\src\ChartDataComparer.cs
E:\porto\UserAppointmentManagementSystem\Models\src\ChartExporter.cs
E:\porto\UserAppointmentManagementSystem\Models\src\ChartJsRenderer.cs
E:\porto\UserAppointmentManagementSystem\Models\src\ChartParameter.cs
E:\porto\UserAppointmentManagementSystem\Models\src\ChartTypes.cs
E:\porto\UserAppointmentManagementSystem\Models\src\CitextString.cs
E:\porto\UserAppointmentManagementSystem\Models\src\CrosstabColumn.cs
E:\porto\UserAppointmentManagementSystem\Models\src\CrosstabTable.cs
E:\porto\UserAppointmentManagementSystem\Models\src\CssParser.cs
E:\porto\UserAppointmentManagementSystem\Models\src\CustomMySqlCompiler.cs
E:\porto\UserAppointmentManagementSystem\Models\src\CustomOracleCompiler.cs
E:\porto\UserAppointmentManagementSystem\Models\src\CustomPostgresCompiler.cs
E:\porto\UserAppointmentManagementSystem\Models\src\CustomQueryParameters.cs
E:\porto\UserAppointmentManagementSystem\Models\src\CustomRoleStore.cs
E:\porto\UserAppointmentManagementSystem\Models\src\CustomSqlServerCompiler.cs
E:\porto\UserAppointmentManagementSystem\Models\src\CustomSqliteCompiler.cs
E:\porto\UserAppointmentManagementSystem\Models\src\CustomTypeMappers.cs
E:\porto\UserAppointmentManagementSystem\Models\src\CustomUserStore.cs
E:\porto\UserAppointmentManagementSystem\Models\src\DatabaseConnection.cs
E:\porto\UserAppointmentManagementSystem\Models\src\DateTimeExtension.cs
E:\porto\UserAppointmentManagementSystem\Models\src\DbChart.cs
E:\porto\UserAppointmentManagementSystem\Models\src\DbField.cs
E:\porto\UserAppointmentManagementSystem\Models\src\DbFieldOfT.cs
E:\porto\UserAppointmentManagementSystem\Models\src\DbTable.cs
E:\porto\UserAppointmentManagementSystem\Models\src\DbTableBase.cs
E:\porto\UserAppointmentManagementSystem\Models\src\DotAccessData.cs
E:\porto\UserAppointmentManagementSystem\Models\src\Email.cs
E:\porto\UserAppointmentManagementSystem\Models\src\EmailBase.cs
E:\porto\UserAppointmentManagementSystem\Models\src\Entity\Appointment.cs
E:\porto\UserAppointmentManagementSystem\Models\src\Entity\Participant.cs
E:\porto\UserAppointmentManagementSystem\Models\src\Entity\RefreshToken.cs
E:\porto\UserAppointmentManagementSystem\Models\src\Entity\_User.cs
E:\porto\UserAppointmentManagementSystem\Models\src\Enums.cs
E:\porto\UserAppointmentManagementSystem\Models\src\EventHandlers.cs
E:\porto\UserAppointmentManagementSystem\Models\src\ExcelConfig.cs
E:\porto\UserAppointmentManagementSystem\Models\src\ExportCsv.cs
E:\porto\UserAppointmentManagementSystem\Models\src\ExportEmail.cs
E:\porto\UserAppointmentManagementSystem\Models\src\ExportExcel.cs
E:\porto\UserAppointmentManagementSystem\Models\src\ExportHandler.cs
E:\porto\UserAppointmentManagementSystem\Models\src\ExportHtml.cs
E:\porto\UserAppointmentManagementSystem\Models\src\ExportJson.cs
E:\porto\UserAppointmentManagementSystem\Models\src\ExportPdf.cs
E:\porto\UserAppointmentManagementSystem\Models\src\ExportWord.cs
E:\porto\UserAppointmentManagementSystem\Models\src\ExportXml.cs
E:\porto\UserAppointmentManagementSystem\Models\src\FileViewer.cs
E:\porto\UserAppointmentManagementSystem\Models\src\ForceLogoutUserAction.cs
E:\porto\UserAppointmentManagementSystem\Models\src\GeometryTypeMapper.cs
E:\porto\UserAppointmentManagementSystem\Models\src\HtmlToText.cs
E:\porto\UserAppointmentManagementSystem\Models\src\HttpCookies.cs
E:\porto\UserAppointmentManagementSystem\Models\src\HttpDataDictionary.cs
E:\porto\UserAppointmentManagementSystem\Models\src\HttpForm.cs
E:\porto\UserAppointmentManagementSystem\Models\src\HttpSession.cs
E:\porto\UserAppointmentManagementSystem\Models\src\HttpUpload.cs
E:\porto\UserAppointmentManagementSystem\Models\src\IAspNetMakerPage.cs
E:\porto\UserAppointmentManagementSystem\Models\src\ICaptcha.cs
E:\porto\UserAppointmentManagementSystem\Models\src\IChartRenderer.cs
E:\porto\UserAppointmentManagementSystem\Models\src\ICustomCompiler.cs
E:\porto\UserAppointmentManagementSystem\Models\src\IDatabaseConnection.cs
E:\porto\UserAppointmentManagementSystem\Models\src\IHtmlValue.cs
E:\porto\UserAppointmentManagementSystem\Models\src\IQueryFactory.cs
E:\porto\UserAppointmentManagementSystem\Models\src\ITwoFactorAuthentication.cs
E:\porto\UserAppointmentManagementSystem\Models\src\InsertGetId.cs
E:\porto\UserAppointmentManagementSystem\Models\src\JsonBoolResult.cs
E:\porto\UserAppointmentManagementSystem\Models\src\JsonString.cs
E:\porto\UserAppointmentManagementSystem\Models\src\Lang.cs
E:\porto\UserAppointmentManagementSystem\Models\src\ListAction.cs
E:\porto\UserAppointmentManagementSystem\Models\src\ListActions.cs
E:\porto\UserAppointmentManagementSystem\Models\src\ListOption.cs
E:\porto\UserAppointmentManagementSystem\Models\src\ListOptions.cs
E:\porto\UserAppointmentManagementSystem\Models\src\ListOptionsDictionary.cs
E:\porto\UserAppointmentManagementSystem\Models\src\LoginModel.cs
E:\porto\UserAppointmentManagementSystem\Models\src\Lookup.cs
E:\porto\UserAppointmentManagementSystem\Models\src\MaintenanceMiddleware.cs
E:\porto\UserAppointmentManagementSystem\Models\src\MaintenanceWindowExtensions.cs
E:\porto\UserAppointmentManagementSystem\Models\src\Menu.cs
E:\porto\UserAppointmentManagementSystem\Models\src\MenuItem.cs
E:\porto\UserAppointmentManagementSystem\Models\src\MobileDetect.cs
E:\porto\UserAppointmentManagementSystem\Models\src\NumericPager.cs
E:\porto\UserAppointmentManagementSystem\Models\src\OptionValues.cs
E:\porto\UserAppointmentManagementSystem\Models\src\Pager.cs
E:\porto\UserAppointmentManagementSystem\Models\src\PagerItem.cs
E:\porto\UserAppointmentManagementSystem\Models\src\PdfConfig.cs
E:\porto\UserAppointmentManagementSystem\Models\src\PermissionHandler.cs
E:\porto\UserAppointmentManagementSystem\Models\src\PermissionRequirement.cs
E:\porto\UserAppointmentManagementSystem\Models\src\PrevNextPager.cs
E:\porto\UserAppointmentManagementSystem\Models\src\RegisterItem.cs
E:\porto\UserAppointmentManagementSystem\Models\src\ReportField.cs
E:\porto\UserAppointmentManagementSystem\Models\src\ReportFieldOfT.cs
E:\porto\UserAppointmentManagementSystem\Models\src\ReportTable.cs
E:\porto\UserAppointmentManagementSystem\Models\src\ResendRegisterEmailAction.cs
E:\porto\UserAppointmentManagementSystem\Models\src\ResetConcurrentUserAction.cs
E:\porto\UserAppointmentManagementSystem\Models\src\ResetLoginRetryAction.cs
E:\porto\UserAppointmentManagementSystem\Models\src\ResetUserSecretAction.cs
E:\porto\UserAppointmentManagementSystem\Models\src\SessionHandler.cs
E:\porto\UserAppointmentManagementSystem\Models\src\SetPasswordExpiredAction.cs
E:\porto\UserAppointmentManagementSystem\Models\src\Sms.cs
E:\porto\UserAppointmentManagementSystem\Models\src\StringExtension.cs
E:\porto\UserAppointmentManagementSystem\Models\src\SubPage.cs
E:\porto\UserAppointmentManagementSystem\Models\src\SubPages.cs
E:\porto\UserAppointmentManagementSystem\Models\src\SummaryField.cs
E:\porto\UserAppointmentManagementSystem\Models\src\UploadHandler.cs
E:\porto\UserAppointmentManagementSystem\Models\src\UserLevel.cs
E:\porto\UserAppointmentManagementSystem\Models\src\UserLevelPermission.cs
E:\porto\UserAppointmentManagementSystem\Models\src\UserLevelTablePermission.cs
E:\porto\UserAppointmentManagementSystem\Models\src\UserProfile.cs
E:\porto\UserAppointmentManagementSystem\Models\src\WordConfig.cs
E:\porto\UserAppointmentManagementSystem\Models\src\XmlDoc.cs
E:\porto\UserAppointmentManagementSystem\Models\src\XmlString.cs
E:\porto\UserAppointmentManagementSystem\Models\userfn.cs
E:\porto\UserAppointmentManagementSystem\Models\userlevelsettings.cs
E:\porto\UserAppointmentManagementSystem\Program.cs
E:\porto\UserAppointmentManagementSystem\Properties\launchSettings.json
E:\porto\UserAppointmentManagementSystem\Views\Home\AppointmentsAdd.cshtml
E:\porto\UserAppointmentManagementSystem\Views\Home\AppointmentsDelete.cshtml
E:\porto\UserAppointmentManagementSystem\Views\Home\AppointmentsEdit.cshtml
E:\porto\UserAppointmentManagementSystem\Views\Home\AppointmentsList.cshtml
E:\porto\UserAppointmentManagementSystem\Views\Home\AppointmentsView.cshtml
E:\porto\UserAppointmentManagementSystem\Views\Home\ParticipantsAdd.cshtml
E:\porto\UserAppointmentManagementSystem\Views\Home\ParticipantsDelete.cshtml
E:\porto\UserAppointmentManagementSystem\Views\Home\ParticipantsEdit.cshtml
E:\porto\UserAppointmentManagementSystem\Views\Home\ParticipantsList.cshtml
E:\porto\UserAppointmentManagementSystem\Views\Home\ParticipantsView.cshtml
E:\porto\UserAppointmentManagementSystem\Views\Home\RefreshTokensAdd.cshtml
E:\porto\UserAppointmentManagementSystem\Views\Home\RefreshTokensDelete.cshtml
E:\porto\UserAppointmentManagementSystem\Views\Home\RefreshTokensEdit.cshtml
E:\porto\UserAppointmentManagementSystem\Views\Home\RefreshTokensList.cshtml
E:\porto\UserAppointmentManagementSystem\Views\Home\RefreshTokensView.cshtml
E:\porto\UserAppointmentManagementSystem\Views\Home\Swagger.cshtml
E:\porto\UserAppointmentManagementSystem\Views\Home\UsersAdd.cshtml
E:\porto\UserAppointmentManagementSystem\Views\Home\UsersDelete.cshtml
E:\porto\UserAppointmentManagementSystem\Views\Home\UsersEdit.cshtml
E:\porto\UserAppointmentManagementSystem\Views\Home\UsersList.cshtml
E:\porto\UserAppointmentManagementSystem\Views\Home\UsersView.cshtml
E:\porto\UserAppointmentManagementSystem\Views\Home\index.cshtml
E:\porto\UserAppointmentManagementSystem\Views\Shared\Error.cshtml
E:\porto\UserAppointmentManagementSystem\Views\Shared\_Layout.cshtml
E:\porto\UserAppointmentManagementSystem\Views\Shared\email.cshtml
E:\porto\UserAppointmentManagementSystem\Views\Shared\menu.cshtml
E:\porto\UserAppointmentManagementSystem\Views\_ViewImports.cshtml
E:\porto\UserAppointmentManagementSystem\Views\_ViewStart.cshtml
E:\porto\UserAppointmentManagementSystem\appsettings.Development.json
E:\porto\UserAppointmentManagementSystem\appsettings.json
E:\porto\UserAppointmentManagementSystem\project1.csproj
E:\porto\UserAppointmentManagementSystem\web.config
E:\porto\UserAppointmentManagementSystem\wwwroot\css\project1.scss
E:\porto\UserAppointmentManagementSystem\wwwroot\css\query-builder.scss
E:\porto\UserAppointmentManagementSystem\wwwroot\css\tabulator_bootstrap5.scss
E:\porto\UserAppointmentManagementSystem\wwwroot\css\tempus-dominus.scss
E:\porto\UserAppointmentManagementSystem\wwwroot\js\userevent.js
E:\porto\UserAppointmentManagementSystem\wwwroot\js\userfn.js
E:\porto\UserAppointmentManagementSystem\wwwroot\package.json
E:\porto\UserAppointmentManagementSystem\wwwroot\swagger\index.html